[08-Mar-2021 09:54:33 +0200]: <a45b7dae> In migration: 0000-dbinit
[08-Mar-2021 09:54:33 +0200]: <a45b7dae> Found 7 matches
[08-Mar-2021 09:54:33 +0200]: <a45b7dae> In migration: 0000-sample
[08-Mar-2021 09:54:33 +0200]: <a45b7dae> Found 1 matches
[08-Mar-2021 09:54:33 +0200]: <a45b7dae> In migration: 0001-categories
[08-Mar-2021 09:54:33 +0200]: <a45b7dae> Found 1 matches
[08-Mar-2021 09:54:33 +0200]: <a45b7dae> In migration: 0002-increasetextfieldlengths
[08-Mar-2021 09:54:33 +0200]: <a45b7dae> Found 7 matches
[08-Mar-2021 09:54:33 +0200]: <a45b7dae> In migration: 0003-fixtimestampdefaultvalue
[08-Mar-2021 09:54:33 +0200]: <a45b7dae> Found 1 matches
[08-Mar-2021 09:54:33 +0200]: <a45b7dae> In migration: 0004-fixtimestampdefaultvalue
[08-Mar-2021 09:54:33 +0200]: <a45b7dae> Found 1 matches
[08-Mar-2021 09:54:33 +0200]: <a45b7dae> In migration: 0005-changemysqlut8toutf8mb4
[08-Mar-2021 09:54:33 +0200]: <a45b7dae> Found 1 matches
[31-Mar-2021 22:03:19 +0300]: <1f97ff1a> In migration: 0000-dbinit
[31-Mar-2021 22:03:19 +0300]: <1f97ff1a> Found 7 matches
[31-Mar-2021 22:03:19 +0300]: <1f97ff1a> In migration: 0000-sample
[31-Mar-2021 22:03:19 +0300]: <1f97ff1a> Found 1 matches
[31-Mar-2021 22:03:19 +0300]: <1f97ff1a> In migration: 0001-categories
[31-Mar-2021 22:03:19 +0300]: <1f97ff1a> Found 1 matches
[31-Mar-2021 22:03:19 +0300]: <1f97ff1a> In migration: 0002-increasetextfieldlengths
[31-Mar-2021 22:03:19 +0300]: <1f97ff1a> Found 7 matches
[31-Mar-2021 22:03:19 +0300]: <1f97ff1a> In migration: 0003-fixtimestampdefaultvalue
[31-Mar-2021 22:03:19 +0300]: <1f97ff1a> Found 1 matches
[31-Mar-2021 22:03:19 +0300]: <1f97ff1a> In migration: 0004-fixtimestampdefaultvalue
[31-Mar-2021 22:03:19 +0300]: <1f97ff1a> Found 1 matches
[31-Mar-2021 22:03:19 +0300]: <1f97ff1a> In migration: 0005-changemysqlut8toutf8mb4
[31-Mar-2021 22:03:19 +0300]: <1f97ff1a> Found 1 matches
[31-Mar-2021 22:04:57 +0300]: <d6674190> In migration: 0000-dbinit
[31-Mar-2021 22:04:57 +0300]: <d6674190> Found 7 matches
[31-Mar-2021 22:04:57 +0300]: <d6674190> In migration: 0000-sample
[31-Mar-2021 22:04:57 +0300]: <d6674190> Found 1 matches
[31-Mar-2021 22:04:57 +0300]: <d6674190> In migration: 0001-categories
[31-Mar-2021 22:04:57 +0300]: <d6674190> Found 1 matches
[31-Mar-2021 22:04:57 +0300]: <d6674190> In migration: 0002-increasetextfieldlengths
[31-Mar-2021 22:04:57 +0300]: <d6674190> Found 7 matches
[31-Mar-2021 22:04:57 +0300]: <d6674190> In migration: 0003-fixtimestampdefaultvalue
[31-Mar-2021 22:04:57 +0300]: <d6674190> Found 1 matches
[31-Mar-2021 22:04:57 +0300]: <d6674190> In migration: 0004-fixtimestampdefaultvalue
[31-Mar-2021 22:04:57 +0300]: <d6674190> Found 1 matches
[31-Mar-2021 22:04:57 +0300]: <d6674190> In migration: 0005-changemysqlut8toutf8mb4
[31-Mar-2021 22:04:57 +0300]: <d6674190> Found 1 matches
[29-Jul-2021 08:00:44 +0300]: <9e1340ff> In migration: 0000-dbinit
[29-Jul-2021 08:00:44 +0300]: <9e1340ff> Found 7 matches
[29-Jul-2021 08:00:44 +0300]: <9e1340ff> In migration: 0000-sample
[29-Jul-2021 08:00:44 +0300]: <9e1340ff> Found 1 matches
[29-Jul-2021 08:00:44 +0300]: <9e1340ff> In migration: 0001-categories
[29-Jul-2021 08:00:44 +0300]: <9e1340ff> Found 1 matches
[29-Jul-2021 08:00:44 +0300]: <9e1340ff> In migration: 0002-increasetextfieldlengths
[29-Jul-2021 08:00:44 +0300]: <9e1340ff> Found 7 matches
[29-Jul-2021 08:00:44 +0300]: <9e1340ff> In migration: 0003-fixtimestampdefaultvalue
[29-Jul-2021 08:00:44 +0300]: <9e1340ff> Found 1 matches
[29-Jul-2021 08:00:44 +0300]: <9e1340ff> In migration: 0004-fixtimestampdefaultvalue
[29-Jul-2021 08:00:44 +0300]: <9e1340ff> Found 1 matches
[29-Jul-2021 08:00:44 +0300]: <9e1340ff> In migration: 0005-changemysqlut8toutf8mb4
[29-Jul-2021 08:00:44 +0300]: <9e1340ff> Found 1 matches
[19-Sep-2021 13:46:12 +0300]: <9d0d2863> In migration: 0000-dbinit
[19-Sep-2021 13:46:12 +0300]: <9d0d2863> Found 7 matches
[19-Sep-2021 13:46:13 +0300]: <9d0d2863> In migration: 0000-sample
[19-Sep-2021 13:46:13 +0300]: <9d0d2863> Found 1 matches
[19-Sep-2021 13:46:13 +0300]: <9d0d2863> In migration: 0001-categories
[19-Sep-2021 13:46:13 +0300]: <9d0d2863> Found 1 matches
[19-Sep-2021 13:46:13 +0300]: <9d0d2863> In migration: 0002-increasetextfieldlengths
[19-Sep-2021 13:46:13 +0300]: <9d0d2863> Found 7 matches
[19-Sep-2021 13:46:13 +0300]: <9d0d2863> In migration: 0003-fixtimestampdefaultvalue
[19-Sep-2021 13:46:13 +0300]: <9d0d2863> Found 1 matches
[19-Sep-2021 13:46:13 +0300]: <9d0d2863> In migration: 0004-fixtimestampdefaultvalue
[19-Sep-2021 13:46:13 +0300]: <9d0d2863> Found 1 matches
[19-Sep-2021 13:46:13 +0300]: <9d0d2863> In migration: 0005-changemysqlut8toutf8mb4
[19-Sep-2021 13:46:13 +0300]: <9d0d2863> Found 1 matches
[19-Sep-2021 13:50:51 +0300]: <120a7c4f> In migration: 0000-dbinit
[19-Sep-2021 13:50:51 +0300]: <120a7c4f> Found 7 matches
[19-Sep-2021 13:50:51 +0300]: <120a7c4f> In migration: 0000-sample
[19-Sep-2021 13:50:51 +0300]: <120a7c4f> Found 1 matches
[19-Sep-2021 13:50:51 +0300]: <120a7c4f> In migration: 0001-categories
[19-Sep-2021 13:50:51 +0300]: <120a7c4f> Found 1 matches
[19-Sep-2021 13:50:51 +0300]: <120a7c4f> In migration: 0002-increasetextfieldlengths
[19-Sep-2021 13:50:51 +0300]: <120a7c4f> Found 7 matches
[19-Sep-2021 13:50:51 +0300]: <120a7c4f> In migration: 0003-fixtimestampdefaultvalue
[19-Sep-2021 13:50:51 +0300]: <120a7c4f> Found 1 matches
[19-Sep-2021 13:50:51 +0300]: <120a7c4f> In migration: 0004-fixtimestampdefaultvalue
[19-Sep-2021 13:50:51 +0300]: <120a7c4f> Found 1 matches
[19-Sep-2021 13:50:51 +0300]: <120a7c4f> In migration: 0005-changemysqlut8toutf8mb4
[19-Sep-2021 13:50:51 +0300]: <120a7c4f> Found 1 matches
[21-Sep-2021 19:59:56 +0300]: <e2e44cc1> In migration: 0000-dbinit
[21-Sep-2021 19:59:56 +0300]: <e2e44cc1> Found 7 matches
[21-Sep-2021 19:59:56 +0300]: <e2e44cc1> In migration: 0000-sample
[21-Sep-2021 19:59:56 +0300]: <e2e44cc1> Found 1 matches
[21-Sep-2021 19:59:56 +0300]: <e2e44cc1> In migration: 0001-categories
[21-Sep-2021 19:59:56 +0300]: <e2e44cc1> Found 1 matches
[21-Sep-2021 19:59:56 +0300]: <e2e44cc1> In migration: 0002-increasetextfieldlengths
[21-Sep-2021 19:59:56 +0300]: <e2e44cc1> Found 7 matches
[21-Sep-2021 19:59:56 +0300]: <e2e44cc1> In migration: 0003-fixtimestampdefaultvalue
[21-Sep-2021 19:59:56 +0300]: <e2e44cc1> Found 1 matches
[21-Sep-2021 19:59:56 +0300]: <e2e44cc1> In migration: 0004-fixtimestampdefaultvalue
[21-Sep-2021 19:59:56 +0300]: <e2e44cc1> Found 1 matches
[21-Sep-2021 19:59:56 +0300]: <e2e44cc1> In migration: 0005-changemysqlut8toutf8mb4
[21-Sep-2021 19:59:56 +0300]: <e2e44cc1> Found 1 matches
[21-Sep-2021 20:14:10 +0300]: <19fb823b> In migration: 0000-dbinit
[21-Sep-2021 20:14:10 +0300]: <19fb823b> Found 7 matches
[21-Sep-2021 20:14:10 +0300]: <19fb823b> In migration: 0000-sample
[21-Sep-2021 20:14:10 +0300]: <19fb823b> Found 1 matches
[21-Sep-2021 20:14:10 +0300]: <19fb823b> In migration: 0001-categories
[21-Sep-2021 20:14:10 +0300]: <19fb823b> Found 1 matches
[21-Sep-2021 20:14:10 +0300]: <19fb823b> In migration: 0002-increasetextfieldlengths
[21-Sep-2021 20:14:10 +0300]: <19fb823b> Found 7 matches
[21-Sep-2021 20:14:10 +0300]: <19fb823b> In migration: 0003-fixtimestampdefaultvalue
[21-Sep-2021 20:14:10 +0300]: <19fb823b> Found 1 matches
[21-Sep-2021 20:14:10 +0300]: <19fb823b> In migration: 0004-fixtimestampdefaultvalue
[21-Sep-2021 20:14:10 +0300]: <19fb823b> Found 1 matches
[21-Sep-2021 20:14:10 +0300]: <19fb823b> In migration: 0005-changemysqlut8toutf8mb4
[21-Sep-2021 20:14:10 +0300]: <19fb823b> Found 1 matches
[09-Dec-2021 10:15:29 +0200]: <c2b0b8a6> In migration: 0000-dbinit
[09-Dec-2021 10:15:29 +0200]: <c2b0b8a6> Found 7 matches
[09-Dec-2021 10:15:29 +0200]: <c2b0b8a6> In migration: 0000-sample
[09-Dec-2021 10:15:29 +0200]: <c2b0b8a6> Found 1 matches
[09-Dec-2021 10:15:29 +0200]: <c2b0b8a6> In migration: 0001-categories
[09-Dec-2021 10:15:29 +0200]: <c2b0b8a6> Found 1 matches
[09-Dec-2021 10:15:29 +0200]: <c2b0b8a6> In migration: 0002-increasetextfieldlengths
[09-Dec-2021 10:15:29 +0200]: <c2b0b8a6> Found 7 matches
[09-Dec-2021 10:15:29 +0200]: <c2b0b8a6> In migration: 0003-fixtimestampdefaultvalue
[09-Dec-2021 10:15:29 +0200]: <c2b0b8a6> Found 1 matches
[09-Dec-2021 10:15:29 +0200]: <c2b0b8a6> In migration: 0004-fixtimestampdefaultvalue
[09-Dec-2021 10:15:29 +0200]: <c2b0b8a6> Found 1 matches
[09-Dec-2021 10:15:29 +0200]: <c2b0b8a6> In migration: 0005-changemysqlut8toutf8mb4
[09-Dec-2021 10:15:29 +0200]: <c2b0b8a6> Found 1 matches
